[2026-04-08 01:17:52] actor=admin | operatorId=op-admin | terminalId=32812@Asuka | requestId=req-3465bc95-b42b-4dfd-9e1d-05c8656c0258 | action=PAGE_OPEN | target=TA_WORKLOAD | detail=Opened archive management page | before=- | after=- | diff=-
[2026-04-08 01:48:34] actor=admin | operatorId=op-admin | terminalId=32812@Asuka | requestId=req-1749a3ef-9cb9-4440-ad64-7e99ca917066 | action=VIEW_PROFILE | target=TA2024001 | detail=Open detail page | before=- | after=- | diff=-
[2026-04-08 01:48:49] actor=admin | operatorId=op-admin | terminalId=32812@Asuka | requestId=req-20931062-698e-4980-a771-55c159c0e725 | action=VIEW_ARCHIVE_PROFILE | target=TA2024003 | detail=Open profile detail in-page | before=- | after=- | diff=-
[2026-04-08 01:54:19] actor=admin | operatorId=op-admin | terminalId=32812@Asuka | requestId=req-cc1eee6f-f4f7-4c1f-b3d6-4952c5fa9437 | action=VIEW_PROFILE | target=TA2024001 | detail=Open detail page | before=- | after=- | diff=-
[2026-04-08 01:55:43] actor=admin | operatorId=op-admin | terminalId=32812@Asuka | requestId=req-153eb5ab-1da3-41ed-a234-943818a10cd2 | action=VIEW_PROFILE | target=TA2024001 | detail=Open detail page | before=- | after=- | diff=-
[2026-04-08 01:55:48] actor=admin | operatorId=op-admin | terminalId=32812@Asuka | requestId=req-e64c5147-5b9d-4fe9-9c2a-52f3ca678071 | action=VIEW_PROFILE | target=TA2024001 | detail=Open detail page | before=- | after=- | diff=-
[2026-04-08 02:21:53] actor=admin | operatorId=op-admin | terminalId=32812@Asuka | requestId=req-0b62605b-ed34-40b0-a2a8-153e69533994 | action=VIEW_PROFILE | target=TA2024001 | detail=Open detail page | before=- | after=- | diff=-
[2026-04-08 02:23:11] actor=admin | operatorId=op-admin | terminalId=32812@Asuka | requestId=req-6ce4cd4f-94b7-4cd2-b922-49cc63a27db1 | action=VIEW_PROFILE | target=TA2024001 | detail=Open detail page | before=- | after=- | diff=-
[2026-04-08 02:23:20] actor=admin | operatorId=op-admin | terminalId=32812@Asuka | requestId=req-7beac65d-b70e-47f7-9aaa-897458809f3e | action=VIEW_PROFILE | target=TA2024001 | detail=Open detail page | before=- | after=- | diff=-
[2026-04-08 02:28:11] actor=admin | operatorId=op-admin | terminalId=32812@Asuka | requestId=req-b7b9241b-1805-4aa3-93be-b2d076b653ca | action=VIEW_PROFILE | target=TA2024001 | detail=Open detail page | before=- | after=- | diff=-
[2026-04-08 02:35:50] actor=admin | operatorId=op-admin | terminalId=32812@Asuka | requestId=req-6f4ca3ef-f58b-45e2-9eba-d3e0d4695a44 | action=VIEW_PROFILE | target=TA2024001 | detail=Open detail page | before=- | after=- | diff=-
[2026-04-08 02:36:02] actor=admin | operatorId=op-admin | terminalId=32812@Asuka | requestId=req-a569ecd6-27f6-4c40-9e9a-42006e9a5edd | action=VIEW_PROFILE | target=TA2024001 | detail=Open detail page | before=- | after=- | diff=-
[2026-04-08 02:38:05] actor=admin | operatorId=op-admin | terminalId=32812@Asuka | requestId=req-c073f8dc-77be-468a-9a59-6c4f77f62ea5 | action=VIEW_PROFILE | target=TA2024001 | detail=Open detail page | before=- | after=- | diff=-
[2026-04-08 02:48:26] actor=admin | operatorId=op-admin | terminalId=32812@Asuka | requestId=req-c0ecb982-ebbd-4029-8962-ee4f9ea35286 | action=NAVIGATE | target=TA_WORKLOAD_LIST | detail=Back from detail page | before=- | after=- | diff=-
[2026-04-08 02:48:40] actor=admin | operatorId=op-admin | terminalId=32812@Asuka | requestId=req-ef4c0319-3802-4654-901f-7b7111084f65 | action=VIEW_PROFILE | target=TA2024001 | detail=Open detail page | before=- | after=- | diff=-
[2026-04-08 02:49:57] actor=admin | operatorId=op-admin | terminalId=32812@Asuka | requestId=req-58518240-1c59-48b3-b3a3-80850497f4f3 | action=VIEW_PROFILE | target=TA2024001 | detail=Open detail page | before=- | after=- | diff=-
[2026-04-08 02:51:18] actor=admin | operatorId=op-admin | terminalId=32812@Asuka | requestId=req-6604038b-4834-485b-8e05-efd5adaa1a87 | action=VIEW_PROFILE | target=TA2024001 | detail=Open detail page | before=- | after=- | diff=-
[2026-04-08 17:03:13] actor=admin | operatorId=op-admin | terminalId=32812@Asuka | requestId=req-1d0a8c6f-5fa1-45ca-963a-541d2cca3bee | action=VIEW_PROFILE | target=TA2024001 | detail=Open detail page | before=- | after=- | diff=-
[2026-04-08 17:29:51] actor=admin | operatorId=op-admin | terminalId=32812@Asuka | requestId=req-86e83508-1f08-4456-8907-19c02bc4f51b | action=VIEW_PROFILE | target=TA2024001 | detail=Open detail page | before=- | after=- | diff=-
[2026-04-08 17:30:12] actor=admin | operatorId=op-admin | terminalId=32812@Asuka | requestId=req-40a87c05-38a5-429b-a789-879ec5de0f54 | action=VIEW_PROFILE | target=TA2024001 | detail=Open detail page | before=- | after=- | diff=-
[2026-04-08 17:38:37] actor=admin | operatorId=op-admin | terminalId=32812@Asuka | requestId=req-5228d06c-1761-4020-871c-1d0f0feb2ef7 | action=VIEW_PROFILE | target=TA2024001 | detail=Open detail page | before=- | after=- | diff=-
[2026-04-08 17:52:12] actor=admin | operatorId=op-admin | terminalId=32812@Asuka | requestId=req-d34c9fce-3b6c-4605-bc04-c07b16924a82 | action=VIEW_PROFILE | target=TA2024001 | detail=Open detail page | before=- | after=- | diff=-
[2026-04-08 17:52:16] actor=admin | operatorId=op-admin | terminalId=32812@Asuka | requestId=req-cf2817d3-f606-482e-9afd-cd2ab461e263 | action=VIEW_PROFILE | target=TA2024001 | detail=Open detail page | before=- | after=- | diff=-
[2026-04-08 17:52:20] actor=admin | operatorId=op-admin | terminalId=32812@Asuka | requestId=req-400f361b-bf7f-4954-a11a-881c9b3e1030 | action=VIEW_PROFILE | target=TA2024002 | detail=Open detail page | before=- | after=- | diff=-
[2026-04-08 17:57:17] actor=admin | operatorId=op-admin | terminalId=32812@Asuka | requestId=req-e5854691-3e8e-4184-8e0b-9bd8923d9f29 | action=VIEW_PROFILE | target=TA2024001 | detail=Open detail page | before=- | after=- | diff=-
[2026-04-08 18:04:56] actor=admin | operatorId=op-admin | terminalId=32812@Asuka | requestId=req-fd7b6d2c-a0e3-4f9c-8e74-1255f3d58d58 | action=VIEW_PROFILE | target=TA2024001 | detail=Open detail page | before=- | after=- | diff=-
[2026-04-08 18:07:23] actor=admin | operatorId=op-admin | terminalId=32812@Asuka | requestId=req-53d46b65-581a-4a0f-8fd0-20d5b25fd90d | action=VIEW_PROFILE | target=TA2024001 | detail=Open detail page | before=- | after=- | diff=-
[2026-04-08 18:07:29] actor=admin | operatorId=op-admin | terminalId=32812@Asuka | requestId=req-6a55b03d-c799-4254-9a6e-ae8f157dfa74 | action=VIEW_PROFILE | target=TA2024002 | detail=Open detail page | before=- | after=- | diff=-
[2026-04-08 18:15:26] actor=admin | operatorId=op-admin | terminalId=32812@Asuka | requestId=req-5df4fa3d-f907-4369-acf0-ff9c8fb6ae22 | action=VIEW_PROFILE | target=TA2024001 | detail=Open detail page | before=- | after=- | diff=-
[2026-04-08 18:23:28] actor=admin | operatorId=op-admin | terminalId=32812@Asuka | requestId=req-4551db6e-b54d-434a-ae09-6d550ef01ba9 | action=VIEW_PROFILE | target=TA2024001 | detail=Open detail page | before=- | after=- | diff=-
[2026-04-08 19:19:23] actor=admin | operatorId=op-admin | terminalId=11965@小1 | requestId=req-fabf595d-b75c-4301-a937-48c3224a6db1 | action=VIEW_PROFILE | target=TA2024003 | detail=Open detail page | before=- | after=- | diff=-
[2026-04-08 19:26:34] actor=admin | operatorId=op-admin | terminalId=32812@Asuka | requestId=req-8dfc604b-45be-4537-8884-ce8b50442105 | action=VIEW_PROFILE | target=TA2024001 | detail=Open detail page | before=- | after=- | diff=-
[2026-04-08 19:26:40] actor=admin | operatorId=op-admin | terminalId=32812@Asuka | requestId=req-c2d861d0-0fd8-4057-a64e-760edb0913d6 | action=VIEW_PROFILE | target=TA2024001 | detail=Open detail page | before=- | after=- | diff=-
[2026-04-08 19:27:55] actor=admin | operatorId=op-admin | terminalId=32812@Asuka | requestId=req-38bbe08a-0324-408c-92ce-284b485980db | action=VIEW_PROFILE | target=TA2024001 | detail=Open detail page | before=- | after=- | diff=-
[2026-04-08 19:31:10] actor=admin | operatorId=op-admin | terminalId=32812@Asuka | requestId=req-5e8ebbd0-ed02-40fc-ae9f-23026fbfb823 | action=VIEW_PROFILE | target=TA2024003 | detail=Open detail page | before=- | after=- | diff=-
[2026-04-08 19:31:21] actor=admin | operatorId=op-admin | terminalId=32812@Asuka | requestId=req-021a0e29-dd1f-4005-a289-89dd8363456e | action=VIEW_PROFILE | target=TA2024001 | detail=Open detail page | before=- | after=- | diff=-
[2026-04-08 19:31:48] actor=admin | operatorId=op-admin | terminalId=32812@Asuka | requestId=req-bf8e93b1-5687-48d0-b1a2-f46cdceb926c | action=EXPORT_CSV | target=WORKLOAD | detail=Exported rows=3 | before=- | after=- | diff=-
[2026-04-08 19:32:24] actor=admin | operatorId=op-admin | terminalId=32812@Asuka | requestId=req-88bf60fa-56c9-4ef7-8669-417e7e821da0 | action=EXPORT_CSV | target=WORKLOAD | detail=Exported rows=3 | before=- | after=- | diff=-
[2026-04-08 19:44:59] actor=admin | operatorId=op-admin | terminalId=32812@Asuka | requestId=req-79e7cb63-ff62-4015-ba92-abc9f4c36b2e | action=VIEW_PROFILE | target=TA2024003 | detail=Open detail page | before=- | after=- | diff=-
[2026-04-08 20:30:05] actor=admin | operatorId=op-admin | terminalId=32812@Asuka | requestId=req-d5dfb5f9-41ef-498f-9bc7-3f7c25d348c0 | action=VIEW_PROFILE | target=TA2024001 | detail=Open detail page | before=- | after=- | diff=-
[2026-04-08 20:33:45] actor=admin | operatorId=op-admin | terminalId=32812@Asuka | requestId=req-f098aaaf-60cf-4a84-815f-82a5c15d4d55 | action=VIEW_PROFILE | target=TA2024001 | detail=Open detail page | before=- | after=- | diff=-
[2026-04-08 20:36:26] actor=admin | operatorId=op-admin | terminalId=32812@Asuka | requestId=req-f7c013d4-e5bd-4501-a31e-3b53dfee62f8 | action=VIEW_PROFILE | target=TA2024001 | detail=Open detail page | before=- | after=- | diff=-
[2026-04-08 20:36:41] actor=admin | operatorId=op-admin | terminalId=32812@Asuka | requestId=req-1493444f-be56-4dda-b4f6-b3a6fa8b6774 | action=VIEW_PROFILE | target=TA2024001 | detail=Open detail page | before=- | after=- | diff=-
[2026-04-08 20:36:54] actor=admin | operatorId=op-admin | terminalId=32812@Asuka | requestId=req-a509f2ce-3d2c-4a0b-a793-388de80c8ebf | action=VIEW_PROFILE | target=TA2024001 | detail=Open detail page | before=- | after=- | diff=-
[2026-04-08 20:37:18] actor=admin | operatorId=op-admin | terminalId=32812@Asuka | requestId=req-4ef9c266-358b-45a9-98dc-0e3a1b6c1c63 | action=VIEW_PROFILE | target=TA2024003 | detail=Open detail page | before=- | after=- | diff=-
[2026-04-08 20:43:32] actor=admin | operatorId=op-admin | terminalId=32812@Asuka | requestId=req-49aecd2f-a8c5-4149-800e-c3c469e5909f | action=VIEW_PROFILE | target=TA2024001 | detail=Open detail page | before=- | after=- | diff=-
[2026-04-08 20:58:35] actor=admin | operatorId=op-admin | terminalId=32812@Asuka | requestId=req-06ad39cc-8727-42c0-a85c-4a5e0375c2eb | action=VIEW_PROFILE | target=TA2024001 | detail=Open detail page | before=- | after=- | diff=-
[2026-04-08 21:02:30] actor=admin | operatorId=op-admin | terminalId=32812@Asuka | requestId=req-7e819cca-5f60-4143-9f01-d8cbd98d52ac | action=VIEW_PROFILE | target=TA2024001 | detail=Open detail page | before=- | after=- | diff=-
[2026-04-08 21:02:55] actor=admin | operatorId=op-admin | terminalId=32812@Asuka | requestId=req-86c7b3d5-5f19-4f60-84eb-28bfdee0eab9 | action=VIEW_PROFILE | target=TA2024001 | detail=Open detail page | before=- | after=- | diff=-
[2026-04-08 21:21:16] actor=admin | operatorId=op-admin | terminalId=32812@Asuka | requestId=req-f2b84926-dc43-4ac0-a4d0-d9977344e3ed | action=VIEW_PROFILE | target=TA2024001 | detail=Open detail page | before=- | after=- | diff=-
[2026-04-08 23:34:13] actor=admin | operatorId=op-admin | terminalId=32812@Asuka | requestId=req-04d04be5-9e41-42b2-925e-201940641e6d | action=VIEW_PROFILE | target=TA2024001 | detail=Open detail page | before=- | after=- | diff=-
[2026-04-08 23:38:08] actor=admin | operatorId=op-admin | terminalId=32812@Asuka | requestId=req-98c35d0e-4f2a-426e-9b5e-3e24e5751191 | action=VIEW_PROFILE | target=TA2024001 | detail=Open detail page | before=- | after=- | diff=-
[2026-04-08 23:38:15] actor=admin | operatorId=op-admin | terminalId=32812@Asuka | requestId=req-38b3d8fe-8d7f-4177-bdd8-4dbbd633c437 | action=VIEW_PROFILE | target=TA2024002 | detail=Open detail page | before=- | after=- | diff=-
[2026-04-08 23:38:21] actor=admin | operatorId=op-admin | terminalId=32812@Asuka | requestId=req-821f217f-348d-436e-8f38-e2e9ec5dee88 | action=VIEW_PROFILE | target=TA2024003 | detail=Open detail page | before=- | after=- | diff=-
[2026-04-08 23:38:40] actor=admin | operatorId=op-admin | terminalId=32812@Asuka | requestId=req-a08e60d6-79ab-49f8-aab2-a40e8d4d10fd | action=VIEW_PROFILE | target=TA2024001 | detail=Open detail page | before=- | after=- | diff=-
[2026-04-08 23:40:22] actor=admin | operatorId=op-admin | terminalId=32812@Asuka | requestId=req-a59b36f6-9c3d-40c0-9318-74bd9d99dba7 | action=VIEW_PROFILE | target=TA2024001 | detail=Open detail page | before=- | after=- | diff=-
[2026-04-08 23:42:05] actor=admin | operatorId=op-admin | terminalId=32812@Asuka | requestId=req-d5b01fb3-e607-49cb-b056-3b1d30c57c5e | action=VIEW_PROFILE | target=TA2024001 | detail=Open detail page | before=- | after=- | diff=-
[2026-04-08 23:42:11] actor=admin | operatorId=op-admin | terminalId=32812@Asuka | requestId=req-560d8783-da96-4ac8-b501-4f70c4d45095 | action=VIEW_PROFILE | target=TA2024002 | detail=Open detail page | before=- | after=- | diff=-
[2026-04-08 23:43:07] actor=admin | operatorId=op-admin | terminalId=32812@Asuka | requestId=req-a1a934ef-e847-444c-bfc1-d20a47413d4d | action=VIEW_PROFILE | target=TA2024003 | detail=Open detail page | before=- | after=- | diff=-
[2026-04-08 23:43:12] actor=admin | operatorId=op-admin | terminalId=32812@Asuka | requestId=req-a19fd7d9-8928-46aa-87c7-056859045ae9 | action=VIEW_PROFILE | target=TA2024002 | detail=Open detail page | before=- | after=- | diff=-
[2026-04-08 23:43:16] actor=admin | operatorId=op-admin | terminalId=32812@Asuka | requestId=req-ee544578-5fbe-45be-9df2-4786dde5e352 | action=VIEW_PROFILE | target=TA2024001 | detail=Open detail page | before=- | after=- | diff=-
[2026-04-08 23:44:36] actor=admin | operatorId=op-admin | terminalId=32812@Asuka | requestId=req-974d6b4b-6d8d-4a53-b773-42f2721371b3 | action=VIEW_PROFILE | target=TA2024001 | detail=Open detail page | before=- | after=- | diff=-
[2026-04-08 23:46:10] actor=admin | operatorId=op-admin | terminalId=32812@Asuka | requestId=req-e239321d-5f64-4f3b-8498-527d7ef305bb | action=VIEW_PROFILE | target=TA2024003 | detail=Open detail page | before=- | after=- | diff=-
[2026-04-09 15:00:23] actor=admin | operatorId=op-admin | terminalId=32812@Asuka | requestId=req-0ad4f723-f258-4308-9e37-55de4af11bdc | action=VIEW_PROFILE | target=TA2024001 | detail=Open detail page | before=- | after=- | diff=-
[2026-04-09 15:01:02] actor=admin | operatorId=op-admin | terminalId=32812@Asuka | requestId=req-4e44584e-0975-4c7b-b230-b5151d4f1d68 | action=VIEW_PROFILE | target=TA2024001 | detail=Open detail page | before=- | after=- | diff=-
[2026-04-21 18:17:24] actor=admin | operatorId=op-admin | terminalId=32812@Asuka | requestId=req-d57e3abc-3103-4e48-ab7f-4a03f05797e3 | action=VIEW_PROFILE | target=20230002 | detail=Open detail page | before=- | after=- | diff=-
[2026-04-21 18:21:08] actor=admin | operatorId=op-admin | terminalId=32812@Asuka | requestId=req-251c3ec1-6be8-4f4f-97cc-38f2a385a051 | action=VIEW_PROFILE | target=20230002 | detail=Open detail page | before=- | after=- | diff=-
[2026-04-21 18:29:51] actor=admin | operatorId=op-admin | terminalId=32812@Asuka | requestId=req-6279d7f2-d304-465c-9ac0-8c3ef628e0fd | action=VIEW_PROFILE | target=20250033 | detail=Open detail page | before=- | after=- | diff=-
[2026-04-21 18:30:20] actor=admin | operatorId=op-admin | terminalId=32812@Asuka | requestId=req-ce587227-f667-462e-8cd6-66c183f7ffac | action=VIEW_PROFILE | target=20230002 | detail=Open detail page | before=- | after=- | diff=-
[2026-04-21 18:30:43] actor=admin | operatorId=op-admin | terminalId=32812@Asuka | requestId=req-941667f1-6707-4996-bcfe-af0f4857304c | action=VIEW_PROFILE | target=20230003 | detail=Open detail page | before=- | after=- | diff=-
[2026-04-21 18:33:47] actor=admin | operatorId=op-admin | terminalId=32812@Asuka | requestId=req-314e631e-cb7d-49e3-b65c-417b7de50101 | action=VIEW_PROFILE | target=20230002 | detail=Open detail page | before=- | after=- | diff=-
[2026-04-21 19:18:55] actor=admin | operatorId=op-admin | terminalId=32812@Asuka | requestId=req-4cf60b88-da94-4c8f-b643-a4f98cb38012 | action=VIEW_PROFILE | target=20250033 | detail=Open detail page | before=- | after=- | diff=-
[2026-04-21 19:18:59] actor=admin | operatorId=op-admin | terminalId=32812@Asuka | requestId=req-ba78e309-165a-4cd1-affc-28dd984458d9 | action=VIEW_PROFILE | target=20250033 | detail=Open detail page | before=- | after=- | diff=-
[2026-04-21 19:21:29] actor=admin | operatorId=op-admin | terminalId=32812@Asuka | requestId=req-f7a33921-8972-496d-ad9f-63d1aa16319b | action=VIEW_PROFILE | target=20250033 | detail=Open detail page | before=- | after=- | diff=-
[2026-04-21 19:22:06] actor=admin | operatorId=op-admin | terminalId=32812@Asuka | requestId=req-442cf509-8044-4d41-8fb6-2de66bf5509c | action=VIEW_PROFILE | target=20230004 | detail=Open detail page | before=- | after=- | diff=-
[2026-04-21 19:22:52] actor=admin | operatorId=op-admin | terminalId=32812@Asuka | requestId=req-6cc4142a-eef9-4e2f-b8ba-c4d909140e9f | action=VIEW_PROFILE | target=20250033 | detail=Open detail page | before=- | after=- | diff=-
[2026-04-21 19:23:02] actor=admin | operatorId=op-admin | terminalId=32812@Asuka | requestId=req-d6ef8459-f3a2-4109-94b2-29121830b86b | action=VIEW_PROFILE | target=20250033 | detail=Open detail page | before=- | after=- | diff=-
[2026-04-21 19:23:10] actor=admin | operatorId=op-admin | terminalId=32812@Asuka | requestId=req-8a8b0e47-50a2-4bb4-b722-7dda85f33254 | action=VIEW_PROFILE | target=20230002 | detail=Open detail page | before=- | after=- | diff=-
[2026-04-21 19:24:33] actor=admin | operatorId=op-admin | terminalId=32812@Asuka | requestId=req-f3eae7ae-75e2-4ac2-9d4a-fde127bb5c58 | action=VIEW_PROFILE | target=20240055 | detail=Open detail page | before=- | after=- | diff=-
[2026-04-21 19:26:37] actor=admin | operatorId=op-admin | terminalId=32812@Asuka | requestId=req-2574289f-4e47-43f3-bb6a-0d3a0c47e5fe | action=VIEW_PROFILE | target=20250033 | detail=Open detail page | before=- | after=- | diff=-
[2026-04-21 19:27:50] actor=admin | operatorId=op-admin | terminalId=32812@Asuka | requestId=req-ebd058c5-db21-4ae2-8f69-da9d395fe210 | action=VIEW_PROFILE | target=20250033 | detail=Open detail page | before=- | after=- | diff=-
[2026-04-21 19:28:12] actor=admin | operatorId=op-admin | terminalId=32812@Asuka | requestId=req-54239196-e08d-42b6-b339-50c7ee8326aa | action=VIEW_PROFILE | target=20250033 | detail=Open detail page | before=- | after=- | diff=-
[2026-04-21 19:28:25] actor=admin | operatorId=op-admin | terminalId=32812@Asuka | requestId=req-9b579d98-5217-423a-adc3-d74b37dd1b45 | action=VIEW_PROFILE | target=20250033 | detail=Open detail page | before=- | after=- | diff=-
[2026-04-21 19:33:47] actor=admin | operatorId=op-admin | terminalId=32812@Asuka | requestId=req-cc54ace6-ba80-4552-ad0a-b222af75dbbc | action=VIEW_PROFILE | target=20250033 | detail=Open detail page | before=- | after=- | diff=-
[2026-04-21 19:48:43] actor=admin | operatorId=op-admin | terminalId=32812@Asuka | requestId=req-f44059d1-7328-4276-a2c3-709bedb74e23 | action=VIEW_PROFILE | target=20250033 | detail=Open detail page | before=- | after=- | diff=-
[2026-04-21 19:48:49] actor=admin | operatorId=op-admin | terminalId=32812@Asuka | requestId=req-5927cd18-31b8-4749-9594-6dbfe4829730 | action=VIEW_PROFILE | target=20230002 | detail=Open detail page | before=- | after=- | diff=-
[2026-04-21 19:49:16] actor=admin | operatorId=op-admin | terminalId=32812@Asuka | requestId=req-a3345277-6f9b-46aa-af7f-631f3362c8e2 | action=VIEW_PROFILE | target=20230002 | detail=Open detail page | before=- | after=- | diff=-
[2026-04-21 19:50:29] actor=admin | operatorId=op-admin | terminalId=32812@Asuka | requestId=req-99ff58e9-c80b-45d3-a79c-e74699b61347 | action=VIEW_PROFILE | target=20230002 | detail=Open detail page | before=- | after=- | diff=-
[2026-04-21 19:51:44] actor=admin | operatorId=op-admin | terminalId=32812@Asuka | requestId=req-f75b66c0-b739-4c57-b1f3-6c806f323607 | action=VIEW_PROFILE | target=20230002 | detail=Open detail page | before=- | after=- | diff=-
[2026-04-21 19:55:51] actor=admin | operatorId=op-admin | terminalId=32812@Asuka | requestId=req-0e208aa3-974a-4f25-b0e7-1825a20ebfdf | action=VIEW_PROFILE | target=20230002 | detail=Open detail page | before=- | after=- | diff=-
[2026-04-21 20:05:11] actor=admin | operatorId=op-admin | terminalId=32812@Asuka | requestId=req-86a77419-8f23-47e9-9362-7859e1476973 | action=VIEW_PROFILE | target=20230002 | detail=Open detail page | before=- | after=- | diff=-
[2026-04-21 20:06:17] actor=admin | operatorId=op-admin | terminalId=32812@Asuka | requestId=req-1db74a9d-3122-42f2-8a44-3f01abba49e9 | action=VIEW_PROFILE | target=20250033 | detail=Open detail page | before=- | after=- | diff=-
[2026-04-21 20:06:52] actor=admin | operatorId=op-admin | terminalId=32812@Asuka | requestId=req-0f998f92-cdc4-4431-9216-6b9a878ef204 | action=VIEW_PROFILE | target=20250033 | detail=Open detail page | before=- | after=- | diff=-
[2026-04-21 21:38:37] actor=admin | operatorId=op-admin | terminalId=32812@Asuka | requestId=req-7fd8e341-e827-4528-8acb-116cf9c569df | action=VIEW_PROFILE | target=20230002 | detail=Open detail page | before=- | after=- | diff=-
[2026-04-22 13:32:55] actor=admin | operatorId=op-admin | terminalId=32812@Asuka | requestId=req-895f10fd-b89c-4bff-8fc2-91d164e1ddd1 | action=VIEW_PROFILE | target=20230002 | detail=Open detail page | before=- | after=- | diff=-
[2026-04-22 13:33:03] actor=admin | operatorId=op-admin | terminalId=32812@Asuka | requestId=req-75d0ff4e-8110-4ca5-947e-eaeab50d9ae4 | action=VIEW_PROFILE | target=20250033 | detail=Open detail page | before=- | after=- | diff=-
[2026-04-22 13:33:08] actor=admin | operatorId=op-admin | terminalId=32812@Asuka | requestId=req-9d2ec00b-be4d-4605-8ce0-e2b041190971 | action=VIEW_PROFILE | target=20230003 | detail=Open detail page | before=- | after=- | diff=-
[2026-04-22 13:33:13] actor=admin | operatorId=op-admin | terminalId=32812@Asuka | requestId=req-0f2765a8-320b-4879-b380-57bfc84abce4 | action=VIEW_PROFILE | target=20230004 | detail=Open detail page | before=- | after=- | diff=-
[2026-04-22 13:33:19] actor=admin | operatorId=op-admin | terminalId=32812@Asuka | requestId=req-0d7d24fc-568c-481d-ab38-03232b0fb1d8 | action=VIEW_PROFILE | target=2023213322 | detail=Open detail page | before=- | after=- | diff=-
[2026-04-22 13:33:26] actor=admin | operatorId=op-admin | terminalId=32812@Asuka | requestId=req-50b952c6-1b09-4656-9093-0a835b63193e | action=VIEW_PROFILE | target=20230004 | detail=Open detail page | before=- | after=- | diff=-
[2026-04-22 13:33:30] actor=admin | operatorId=op-admin | terminalId=32812@Asuka | requestId=req-5609d35b-59ea-4e8e-b3f2-32f12d6b910d | action=VIEW_PROFILE | target=20240055 | detail=Open detail page | before=- | after=- | diff=-
[2026-04-22 13:33:37] actor=admin | operatorId=op-admin | terminalId=32812@Asuka | requestId=req-019ee847-92db-4ff5-849a-c212caec6336 | action=VIEW_PROFILE | target=2023217777 | detail=Open detail page | before=- | after=- | diff=-
[2026-04-22 13:47:35] actor=admin | operatorId=op-admin | terminalId=32812@Asuka | requestId=req-19eb0220-3ae9-4eb8-91a3-24144f9fb599 | action=VIEW_PROFILE | target=20230002 | detail=Open detail page | before=- | after=- | diff=-
[2026-04-22 14:20:22] actor=admin | operatorId=op-admin | terminalId=32812@Asuka | requestId=req-fbb9ee45-d8ed-4cfb-be24-54a9261a6250 | action=VIEW_PROFILE | target=20230002 | detail=Open detail page | before=- | after=- | diff=-
[2026-04-22 14:24:22] actor=admin | operatorId=op-admin | terminalId=32812@Asuka | requestId=req-bf31dabe-e2ce-4052-9842-c02c3274e7cc | action=VIEW_PROFILE | target=20230002 | detail=Open detail page | before=- | after=- | diff=-
[2026-04-22 23:53:51] actor=admin | operatorId=op-admin | terminalId=32812@Asuka | requestId=req-1aa909fa-bf19-4a17-b5f4-260a0e7aa565 | action=VIEW_PROFILE | target=20230001 | detail=Open detail page | before=- | after=- | diff=-
[2026-04-22 23:54:00] actor=admin | operatorId=op-admin | terminalId=32812@Asuka | requestId=req-a4fa33af-cfa4-4096-b180-f5b9e1af34b6 | action=VIEW_PROFILE | target=20230002 | detail=Open detail page | before=- | after=- | diff=-
[2026-04-23 00:02:43] actor=admin | operatorId=op-admin | terminalId=32812@Asuka | requestId=req-065d9820-ce23-46ae-a3a8-537c1be1001d | action=VIEW_PROFILE | target=20230001 | detail=Open detail page | before=- | after=- | diff=-
[2026-04-23 00:02:48] actor=admin | operatorId=op-admin | terminalId=32812@Asuka | requestId=req-94384ed2-b62f-4af2-b054-6d20459eb4aa | action=VIEW_PROFILE | target=20230002 | detail=Open detail page | before=- | after=- | diff=-
[2026-04-23 00:04:32] actor=admin | operatorId=op-admin | terminalId=32812@Asuka | requestId=req-786dc7ac-1bb9-4c02-87d7-f1932457aab9 | action=VIEW_PROFILE | target=20230001 | detail=Open detail page | before=- | after=- | diff=-
[2026-04-23 00:04:36] actor=admin | operatorId=op-admin | terminalId=32812@Asuka | requestId=req-cac45c6c-79d0-44ac-9f67-0ba7bbaffe5f | action=VIEW_PROFILE | target=20230003 | detail=Open detail page | before=- | after=- | diff=-
[2026-04-23 00:04:47] actor=admin | operatorId=op-admin | terminalId=32812@Asuka | requestId=req-cd65cc85-2d08-42b0-b863-7b427226ff9d | action=VIEW_PROFILE | target=20230004 | detail=Open detail page | before=- | after=- | diff=-
[2026-04-23 00:04:51] actor=admin | operatorId=op-admin | terminalId=32812@Asuka | requestId=req-e8acea95-5792-4c2f-a17a-0ed1d9b8328a | action=VIEW_PROFILE | target=2023213322 | detail=Open detail page | before=- | after=- | diff=-
[2026-04-23 00:04:59] actor=admin | operatorId=op-admin | terminalId=32812@Asuka | requestId=req-dc42206f-9849-4096-b47d-546a1332fe54 | action=VIEW_PROFILE | target=202305555 | detail=Open detail page | before=- | after=- | diff=-
[2026-04-23 00:06:22] actor=admin | operatorId=op-admin | terminalId=32812@Asuka | requestId=req-e7c3215a-0310-4f87-a544-a1f84a587711 | action=VIEW_PROFILE | target=20230001 | detail=Open detail page | before=- | after=- | diff=-
[2026-04-23 00:06:30] actor=admin | operatorId=op-admin | terminalId=32812@Asuka | requestId=req-fb47ef5d-d6d1-4a26-ad9d-a0143bf727e1 | action=VIEW_PROFILE | target=20230003 | detail=Open detail page | before=- | after=- | diff=-
[2026-04-24 13:50:51] actor=admin | operatorId=op-admin | terminalId=32812@Asuka | requestId=req-6b0f3f7c-2e2c-4be0-ae7d-de1c67a33c1e | action=VIEW_PROFILE | target=20230001 | detail=Open detail page | before=- | after=- | diff=-
